<?xml version="1.0" encoding="UTF-8"?>
<!-- Generated by org.testng.reporters.JUnitXMLReporter -->
<testsuite hostname="madhavareddy-macbookpro2.roam.corp.google.com" ignored="0" name="testamazon" tests="2" failures="1" timestamp="01 Sep 2017 19:57:04 GMT" time="6.525" errors="0">
  <testcase name="testLoginPage" time="4.965" classname="com.github.selenium.testamazon.tests.RegressionTests">
    <failure type="java.lang.AssertionError" message="expected [false] but found [true]">
      <![CDATA[java.lang.AssertionError: expected [false] but found [true]
	at com.github.selenium.testamazon.tests.RegressionTests.testLoginPage(RegressionTests.java:34)
... Removed 30 stack frames]]>
    </failure>
  </testcase> <!-- testLoginPage -->
  <testcase name="testCreateWatchList" time="1.537" classname="com.github.selenium.testamazon.tests.RegressionTests"/>
</testsuite> <!-- testamazon -->
